2025-03-20 11:33:36.359 [info] update#setState idle
2025-03-20 11:34:06.367 [info] update#setState checking for updates
2025-03-20 11:34:06.381 [info] update#setState available for download
2025-03-20 13:46:17.678 [error] [storage state.vscdb] prepare(): Error: SQLITE_READONLY_DBMOVED: attempt to write a readonly database (INSERT INTO ItemTable VALUES (?,?),(?,?)). Details: Keys: history.entries, workbench.explorer.treeViewState Length: 57
2025-03-20 13:47:08.839 [error] [storage state.vscdb] prepare(): Error: SQLITE_READONLY_DBMOVED: attempt to write a readonly database (INSERT INTO ItemTable VALUES (?,?)). Details: Keys: history.recentlyOpenedPathsList Length: 124
2025-03-20 13:47:14.332 [error] [storage state.vscdb] prepare(): Error: SQLITE_READONLY_DBMOVED: attempt to write a readonly database (INSERT INTO ItemTable VALUES (?,?),(?,?),(?,?)). Details: Keys: __$__targetStorageMarker, workbench.activity.placeholderViewlets, workbench.panel.placeholderPanels Length: 4417
2025-03-20 13:47:14.334 [error] [storage state.vscdb] prepare(): Error: SQLITE_READONLY_DBMOVED: attempt to write a readonly database (DELETE FROM ItemTable WHERE key IN (?)). Details: Keys: editorOverrideService.cache
2025-03-20 13:47:16.578 [error] [storage state.vscdb] prepare(): Error: SQLITE_READONLY_DBMOVED: attempt to write a readonly database (INSERT INTO ItemTable VALUES (?,?),(?,?)). Details: Keys: workbench.activity.placeholderViewlets, memento/notebookEditors Length: 2685
2025-03-20 13:47:16.819 [error] [storage state.vscdb] prepare(): Error: SQLITE_READONLY_DBMOVED: attempt to write a readonly database (INSERT INTO ItemTable VALUES (?,?)). Details: Keys: __$__targetStorageMarker Length: 2007
2025-03-20 13:47:17.698 [error] [storage state.vscdb] prepare(): Error: SQLITE_READONLY_DBMOVED: attempt to write a readonly database (INSERT INTO ItemTable VALUES (?,?),(?,?)). Details: Keys: __$__targetStorageMarker, editorOverrideService.cache Length: 2349
2025-03-20 13:47:18.873 [error] [storage state.vscdb] prepare(): Error: SQLITE_READONLY_DBMOVED: attempt to write a readonly database (INSERT INTO ItemTable VALUES (?,?)). Details: Keys: workbench.panel.placeholderPanels Length: 938
2025-03-20 13:47:19.978 [error] [storage state.vscdb] prepare(): Error: SQLITE_READONLY_DBMOVED: attempt to write a readonly database (INSERT INTO ItemTable VALUES (?,?)). Details: Keys: workbench.activity.placeholderViewlets Length: 3338
2025-03-20 13:47:20.264 [error] [storage state.vscdb] prepare(): Error: SQLITE_READONLY_DBMOVED: attempt to write a readonly database (INSERT INTO ItemTable VALUES (?,?)). Details: Keys: workbench.activity.placeholderViewlets Length: 3849
2025-03-20 13:47:42.819 [error] [storage state.vscdb] prepare(): Error: SQLITE_READONLY_DBMOVED: attempt to write a readonly database (INSERT INTO ItemTable VALUES (?,?),(?,?)). Details: Keys: editorOverrideService.cache, workbench.panel.size Length: 313
2025-03-20 13:47:45.217 [error] [storage state.vscdb] prepare(): Error: SQLITE_READONLY_DBMOVED: attempt to write a readonly database (INSERT INTO ItemTable VALUES (?,?)). Details: Keys: extensionsAssistant/recommendations Length: 307
2025-03-20 13:48:17.685 [error] [storage state.vscdb] prepare(): Error: SQLITE_READONLY_DBMOVED: attempt to write a readonly database (INSERT INTO ItemTable VALUES (?,?),(?,?)). Details: Keys: editorOverrideService.cache, workbench.panel.size Length: 327
2025-03-20 13:49:13.154 [error] [storage state.vscdb] prepare(): Error: SQLITE_READONLY_DBMOVED: attempt to write a readonly database (INSERT INTO ItemTable VALUES (?,?),(?,?)). Details: Keys: editorOverrideService.cache, workbench.panel.size Length: 313
2025-03-20 13:49:17.688 [error] [storage state.vscdb] prepare(): Error: SQLITE_READONLY_DBMOVED: attempt to write a readonly database (INSERT INTO ItemTable VALUES (?,?),(?,?)). Details: Keys: editorOverrideService.cache, workbench.panel.size Length: 327
2025-03-20 13:50:13.158 [error] [storage state.vscdb] prepare(): Error: SQLITE_READONLY_DBMOVED: attempt to write a readonly database (INSERT INTO ItemTable VALUES (?,?),(?,?)). Details: Keys: editorOverrideService.cache, workbench.panel.size Length: 313
2025-03-20 13:50:17.691 [error] [storage state.vscdb] prepare(): Error: SQLITE_READONLY_DBMOVED: attempt to write a readonly database (INSERT INTO ItemTable VALUES (?,?),(?,?)). Details: Keys: editorOverrideService.cache, workbench.panel.size Length: 327
2025-03-20 13:51:13.160 [error] [storage state.vscdb] prepare(): Error: SQLITE_READONLY_DBMOVED: attempt to write a readonly database (INSERT INTO ItemTable VALUES (?,?),(?,?)). Details: Keys: editorOverrideService.cache, workbench.panel.size Length: 313
2025-03-20 13:51:17.694 [error] [storage state.vscdb] prepare(): Error: SQLITE_READONLY_DBMOVED: attempt to write a readonly database (INSERT INTO ItemTable VALUES (?,?),(?,?)). Details: Keys: editorOverrideService.cache, workbench.panel.size Length: 327
2025-03-20 13:52:13.163 [error] [storage state.vscdb] prepare(): Error: SQLITE_READONLY_DBMOVED: attempt to write a readonly database (INSERT INTO ItemTable VALUES (?,?),(?,?)). Details: Keys: editorOverrideService.cache, workbench.panel.size Length: 313
2025-03-20 13:52:17.696 [error] [storage state.vscdb] prepare(): Error: SQLITE_READONLY_DBMOVED: attempt to write a readonly database (INSERT INTO ItemTable VALUES (?,?),(?,?)). Details: Keys: editorOverrideService.cache, workbench.panel.size Length: 327
2025-03-20 13:53:13.165 [error] [storage state.vscdb] prepare(): Error: SQLITE_READONLY_DBMOVED: attempt to write a readonly database (INSERT INTO ItemTable VALUES (?,?),(?,?)). Details: Keys: editorOverrideService.cache, workbench.panel.size Length: 313
2025-03-20 13:53:17.698 [error] [storage state.vscdb] prepare(): Error: SQLITE_READONLY_DBMOVED: attempt to write a readonly database (INSERT INTO ItemTable VALUES (?,?),(?,?)). Details: Keys: editorOverrideService.cache, workbench.panel.size Length: 327
2025-03-20 14:01:46.800 [error] [storage state.vscdb] prepare(): Error: SQLITE_READONLY_DBMOVED: attempt to write a readonly database (INSERT INTO ItemTable VALUES (?,?),(?,?)). Details: Keys: editorOverrideService.cache, workbench.panel.size Length: 313
2025-03-20 14:01:51.334 [error] [storage state.vscdb] prepare(): Error: SQLITE_READONLY_DBMOVED: attempt to write a readonly database (INSERT INTO ItemTable VALUES (?,?),(?,?)). Details: Keys: editorOverrideService.cache, workbench.panel.size Length: 327
2025-03-20 14:02:46.802 [error] [storage state.vscdb] prepare(): Error: SQLITE_READONLY_DBMOVED: attempt to write a readonly database (INSERT INTO ItemTable VALUES (?,?),(?,?)). Details: Keys: editorOverrideService.cache, workbench.panel.size Length: 313
2025-03-20 14:02:51.336 [error] [storage state.vscdb] prepare(): Error: SQLITE_READONLY_DBMOVED: attempt to write a readonly database (INSERT INTO ItemTable VALUES (?,?),(?,?)). Details: Keys: editorOverrideService.cache, workbench.panel.size Length: 327
2025-03-20 14:03:46.806 [error] [storage state.vscdb] prepare(): Error: SQLITE_READONLY_DBMOVED: attempt to write a readonly database (INSERT INTO ItemTable VALUES (?,?),(?,?)). Details: Keys: editorOverrideService.cache, workbench.panel.size Length: 313
2025-03-20 14:03:51.341 [error] [storage state.vscdb] prepare(): Error: SQLITE_READONLY_DBMOVED: attempt to write a readonly database (INSERT INTO ItemTable VALUES (?,?),(?,?)). Details: Keys: editorOverrideService.cache, workbench.panel.size Length: 327
2025-03-20 14:04:46.810 [error] [storage state.vscdb] prepare(): Error: SQLITE_READONLY_DBMOVED: attempt to write a readonly database (INSERT INTO ItemTable VALUES (?,?),(?,?)). Details: Keys: editorOverrideService.cache, workbench.panel.size Length: 313
2025-03-20 14:04:51.342 [error] [storage state.vscdb] prepare(): Error: SQLITE_READONLY_DBMOVED: attempt to write a readonly database (INSERT INTO ItemTable VALUES (?,?),(?,?)). Details: Keys: editorOverrideService.cache, workbench.panel.size Length: 327
2025-03-20 14:05:46.812 [error] [storage state.vscdb] prepare(): Error: SQLITE_READONLY_DBMOVED: attempt to write a readonly database (INSERT INTO ItemTable VALUES (?,?),(?,?)). Details: Keys: editorOverrideService.cache, workbench.panel.size Length: 313
2025-03-20 14:05:51.345 [error] [storage state.vscdb] prepare(): Error: SQLITE_READONLY_DBMOVED: attempt to write a readonly database (INSERT INTO ItemTable VALUES (?,?),(?,?)). Details: Keys: editorOverrideService.cache, workbench.panel.size Length: 327
2025-03-20 14:06:46.814 [error] [storage state.vscdb] prepare(): Error: SQLITE_READONLY_DBMOVED: attempt to write a readonly database (INSERT INTO ItemTable VALUES (?,?),(?,?)). Details: Keys: editorOverrideService.cache, workbench.panel.size Length: 313
2025-03-20 14:06:51.348 [error] [storage state.vscdb] prepare(): Error: SQLITE_READONLY_DBMOVED: attempt to write a readonly database (INSERT INTO ItemTable VALUES (?,?),(?,?)). Details: Keys: editorOverrideService.cache, workbench.panel.size Length: 327
2025-03-20 14:07:23.242 [error] [storage state.vscdb] prepare(): Error: SQLITE_READONLY_DBMOVED: attempt to write a readonly database (INSERT INTO ItemTable VALUES (?,?),(?,?)). Details: Keys: editorOverrideService.cache, workbench.panel.size Length: 313
2025-03-20 14:07:51.352 [error] [storage state.vscdb] prepare(): Error: SQLITE_READONLY_DBMOVED: attempt to write a readonly database (INSERT INTO ItemTable VALUES (?,?),(?,?)). Details: Keys: editorOverrideService.cache, workbench.panel.size Length: 327
2025-03-20 14:08:21.462 [error] [storage state.vscdb] prepare(): Error: SQLITE_READONLY_DBMOVED: attempt to write a readonly database (INSERT INTO ItemTable VALUES (?,?),(?,?)). Details: Keys: editorOverrideService.cache, workbench.panel.size Length: 313
2025-03-20 14:08:51.355 [error] [storage state.vscdb] prepare(): Error: SQLITE_READONLY_DBMOVED: attempt to write a readonly database (INSERT INTO ItemTable VALUES (?,?),(?,?)). Details: Keys: editorOverrideService.cache, workbench.panel.size Length: 327
2025-03-20 14:09:22.403 [error] [storage state.vscdb] prepare(): Error: SQLITE_READONLY_DBMOVED: attempt to write a readonly database (INSERT INTO ItemTable VALUES (?,?),(?,?)). Details: Keys: editorOverrideService.cache, workbench.panel.size Length: 313
2025-03-20 14:09:51.357 [error] [storage state.vscdb] prepare(): Error: SQLITE_READONLY_DBMOVED: attempt to write a readonly database (INSERT INTO ItemTable VALUES (?,?),(?,?)). Details: Keys: editorOverrideService.cache, workbench.panel.size Length: 327
2025-03-20 14:10:38.229 [error] [storage state.vscdb] prepare(): Error: SQLITE_READONLY_DBMOVED: attempt to write a readonly database (INSERT INTO ItemTable VALUES (?,?),(?,?)). Details: Keys: editorOverrideService.cache, workbench.panel.size Length: 313
2025-03-20 14:10:51.360 [error] [storage state.vscdb] prepare(): Error: SQLITE_READONLY_DBMOVED: attempt to write a readonly database (INSERT INTO ItemTable VALUES (?,?),(?,?)). Details: Keys: editorOverrideService.cache, workbench.panel.size Length: 327
2025-03-20 14:11:46.875 [error] [storage state.vscdb] prepare(): Error: SQLITE_READONLY_DBMOVED: attempt to write a readonly database (INSERT INTO ItemTable VALUES (?,?),(?,?)). Details: Keys: editorOverrideService.cache, workbench.panel.size Length: 313
2025-03-20 14:11:51.363 [error] [storage state.vscdb] prepare(): Error: SQLITE_READONLY_DBMOVED: attempt to write a readonly database (INSERT INTO ItemTable VALUES (?,?),(?,?)). Details: Keys: editorOverrideService.cache, workbench.panel.size Length: 327
2025-03-20 14:12:35.742 [error] [storage state.vscdb] prepare(): Error: SQLITE_READONLY_DBMOVED: attempt to write a readonly database (INSERT INTO ItemTable VALUES (?,?)). Details: Keys: workbench.activity.placeholderViewlets Length: 3880
2025-03-20 14:12:45.069 [error] [storage state.vscdb] prepare(): Error: SQLITE_READONLY_DBMOVED: attempt to write a readonly database (INSERT INTO ItemTable VALUES (?,?),(?,?)). Details: Keys: editorOverrideService.cache, workbench.panel.size Length: 313
2025-03-20 14:12:51.365 [error] [storage state.vscdb] prepare(): Error: SQLITE_READONLY_DBMOVED: attempt to write a readonly database (INSERT INTO ItemTable VALUES (?,?),(?,?)). Details: Keys: editorOverrideService.cache, workbench.panel.size Length: 327
2025-03-20 14:13:21.018 [error] [storage state.vscdb] prepare(): Error: SQLITE_READONLY_DBMOVED: attempt to write a readonly database (INSERT INTO ItemTable VALUES (?,?),(?,?)). Details: Keys: editorOverrideService.cache, workbench.panel.size Length: 313
2025-03-20 14:13:51.368 [error] [storage state.vscdb] prepare(): Error: SQLITE_READONLY_DBMOVED: attempt to write a readonly database (INSERT INTO ItemTable VALUES (?,?),(?,?)). Details: Keys: editorOverrideService.cache, workbench.panel.size Length: 327
2025-03-20 14:14:46.887 [error] [storage state.vscdb] prepare(): Error: SQLITE_READONLY_DBMOVED: attempt to write a readonly database (INSERT INTO ItemTable VALUES (?,?),(?,?)). Details: Keys: editorOverrideService.cache, workbench.panel.size Length: 313
2025-03-20 14:14:51.371 [error] [storage state.vscdb] prepare(): Error: SQLITE_READONLY_DBMOVED: attempt to write a readonly database (INSERT INTO ItemTable VALUES (?,?),(?,?)). Details: Keys: editorOverrideService.cache, workbench.panel.size Length: 327
2025-03-20 14:14:52.293 [error] [storage state.vscdb] prepare(): Error: SQLITE_READONLY_DBMOVED: attempt to write a readonly database (INSERT INTO ItemTable VALUES (?,?),(?,?)). Details: Keys: editorOverrideService.cache, workbench.panel.size Length: 313
2025-03-20 14:15:51.372 [error] [storage state.vscdb] prepare(): Error: SQLITE_READONLY_DBMOVED: attempt to write a readonly database (INSERT INTO ItemTable VALUES (?,?),(?,?)). Details: Keys: editorOverrideService.cache, workbench.panel.size Length: 327
2025-03-20 14:15:53.605 [error] [storage state.vscdb] prepare(): Error: SQLITE_READONLY_DBMOVED: attempt to write a readonly database (INSERT INTO ItemTable VALUES (?,?),(?,?)). Details: Keys: editorOverrideService.cache, workbench.panel.size Length: 313
2025-03-20 14:16:51.377 [error] [storage state.vscdb] prepare(): Error: SQLITE_READONLY_DBMOVED: attempt to write a readonly database (INSERT INTO ItemTable VALUES (?,?),(?,?)). Details: Keys: editorOverrideService.cache, workbench.panel.size Length: 327
2025-03-20 14:17:07.401 [error] [storage state.vscdb] prepare(): Error: SQLITE_READONLY_DBMOVED: attempt to write a readonly database (INSERT INTO ItemTable VALUES (?,?),(?,?)). Details: Keys: editorOverrideService.cache, workbench.panel.size Length: 313
2025-03-20 14:17:51.385 [error] [storage state.vscdb] prepare(): Error: SQLITE_READONLY_DBMOVED: attempt to write a readonly database (INSERT INTO ItemTable VALUES (?,?),(?,?)). Details: Keys: editorOverrideService.cache, workbench.panel.size Length: 327
2025-03-20 14:18:16.026 [error] [storage state.vscdb] prepare(): Error: SQLITE_READONLY_DBMOVED: attempt to write a readonly database (INSERT INTO ItemTable VALUES (?,?),(?,?)). Details: Keys: editorOverrideService.cache, workbench.panel.size Length: 313
2025-03-20 14:18:51.382 [error] [storage state.vscdb] prepare(): Error: SQLITE_READONLY_DBMOVED: attempt to write a readonly database (INSERT INTO ItemTable VALUES (?,?),(?,?)). Details: Keys: editorOverrideService.cache, workbench.panel.size Length: 327
2025-03-20 14:19:35.792 [error] [storage state.vscdb] prepare(): Error: SQLITE_READONLY_DBMOVED: attempt to write a readonly database (INSERT INTO ItemTable VALUES (?,?),(?,?)). Details: Keys: editorOverrideService.cache, workbench.panel.size Length: 313
2025-03-20 14:19:51.385 [error] [storage state.vscdb] prepare(): Error: SQLITE_READONLY_DBMOVED: attempt to write a readonly database (INSERT INTO ItemTable VALUES (?,?),(?,?)). Details: Keys: editorOverrideService.cache, workbench.panel.size Length: 327
2025-03-20 14:20:46.938 [error] [storage state.vscdb] prepare(): Error: SQLITE_READONLY_DBMOVED: attempt to write a readonly database (INSERT INTO ItemTable VALUES (?,?),(?,?)). Details: Keys: editorOverrideService.cache, workbench.panel.size Length: 313
2025-03-20 14:20:51.387 [error] [storage state.vscdb] prepare(): Error: SQLITE_READONLY_DBMOVED: attempt to write a readonly database (INSERT INTO ItemTable VALUES (?,?),(?,?)). Details: Keys: editorOverrideService.cache, workbench.panel.size Length: 327
2025-03-20 14:21:07.990 [error] [storage state.vscdb] prepare(): Error: SQLITE_READONLY_DBMOVED: attempt to write a readonly database (INSERT INTO ItemTable VALUES (?,?),(?,?)). Details: Keys: editorOverrideService.cache, workbench.panel.size Length: 313
2025-03-20 14:21:51.392 [error] [storage state.vscdb] prepare(): Error: SQLITE_READONLY_DBMOVED: attempt to write a readonly database (INSERT INTO ItemTable VALUES (?,?),(?,?)). Details: Keys: editorOverrideService.cache, workbench.panel.size Length: 327
2025-03-20 14:22:17.408 [error] [storage state.vscdb] prepare(): Error: SQLITE_READONLY_DBMOVED: attempt to write a readonly database (INSERT INTO ItemTable VALUES (?,?),(?,?)). Details: Keys: editorOverrideService.cache, workbench.panel.size Length: 313
2025-03-20 14:22:51.391 [error] [storage state.vscdb] prepare(): Error: SQLITE_READONLY_DBMOVED: attempt to write a readonly database (INSERT INTO ItemTable VALUES (?,?),(?,?)). Details: Keys: editorOverrideService.cache, workbench.panel.size Length: 327
2025-03-20 14:23:31.139 [error] [storage state.vscdb] prepare(): Error: SQLITE_READONLY_DBMOVED: attempt to write a readonly database (INSERT INTO ItemTable VALUES (?,?),(?,?)). Details: Keys: editorOverrideService.cache, workbench.panel.size Length: 313
2025-03-20 14:23:51.395 [error] [storage state.vscdb] prepare(): Error: SQLITE_READONLY_DBMOVED: attempt to write a readonly database (INSERT INTO ItemTable VALUES (?,?),(?,?)). Details: Keys: editorOverrideService.cache, workbench.panel.size Length: 327
2025-03-20 14:24:17.363 [error] [storage state.vscdb] prepare(): Error: SQLITE_READONLY_DBMOVED: attempt to write a readonly database (INSERT INTO ItemTable VALUES (?,?),(?,?)). Details: Keys: editorOverrideService.cache, workbench.panel.size Length: 313
2025-03-20 14:24:51.397 [error] [storage state.vscdb] prepare(): Error: SQLITE_READONLY_DBMOVED: attempt to write a readonly database (INSERT INTO ItemTable VALUES (?,?),(?,?)). Details: Keys: editorOverrideService.cache, workbench.panel.size Length: 327
2025-03-20 14:25:37.909 [error] [storage state.vscdb] prepare(): Error: SQLITE_READONLY_DBMOVED: attempt to write a readonly database (INSERT INTO ItemTable VALUES (?,?),(?,?)). Details: Keys: editorOverrideService.cache, workbench.panel.size Length: 313
2025-03-20 14:25:51.399 [error] [storage state.vscdb] prepare(): Error: SQLITE_READONLY_DBMOVED: attempt to write a readonly database (INSERT INTO ItemTable VALUES (?,?),(?,?)). Details: Keys: editorOverrideService.cache, workbench.panel.size Length: 327
2025-03-20 14:26:46.933 [error] [storage state.vscdb] prepare(): Error: SQLITE_READONLY_DBMOVED: attempt to write a readonly database (INSERT INTO ItemTable VALUES (?,?),(?,?)). Details: Keys: editorOverrideService.cache, workbench.panel.size Length: 313
2025-03-20 14:26:51.402 [error] [storage state.vscdb] prepare(): Error: SQLITE_READONLY_DBMOVED: attempt to write a readonly database (INSERT INTO ItemTable VALUES (?,?),(?,?)). Details: Keys: editorOverrideService.cache, workbench.panel.size Length: 327
2025-03-20 14:27:17.244 [error] [storage state.vscdb] prepare(): Error: SQLITE_READONLY_DBMOVED: attempt to write a readonly database (INSERT INTO ItemTable VALUES (?,?),(?,?)). Details: Keys: editorOverrideService.cache, workbench.panel.size Length: 313
2025-03-20 14:27:51.405 [error] [storage state.vscdb] prepare(): Error: SQLITE_READONLY_DBMOVED: attempt to write a readonly database (INSERT INTO ItemTable VALUES (?,?),(?,?)). Details: Keys: editorOverrideService.cache, workbench.panel.size Length: 327
2025-03-20 14:28:13.207 [error] [storage state.vscdb] prepare(): Error: SQLITE_READONLY_DBMOVED: attempt to write a readonly database (INSERT INTO ItemTable VALUES (?,?),(?,?)). Details: Keys: editorOverrideService.cache, workbench.panel.size Length: 313
2025-03-20 14:28:51.407 [error] [storage state.vscdb] prepare(): Error: SQLITE_READONLY_DBMOVED: attempt to write a readonly database (INSERT INTO ItemTable VALUES (?,?),(?,?)). Details: Keys: editorOverrideService.cache, workbench.panel.size Length: 327
2025-03-20 14:29:36.073 [error] [storage state.vscdb] prepare(): Error: SQLITE_READONLY_DBMOVED: attempt to write a readonly database (INSERT INTO ItemTable VALUES (?,?),(?,?)). Details: Keys: editorOverrideService.cache, workbench.panel.size Length: 313
2025-03-20 14:29:51.411 [error] [storage state.vscdb] prepare(): Error: SQLITE_READONLY_DBMOVED: attempt to write a readonly database (INSERT INTO ItemTable VALUES (?,?),(?,?)). Details: Keys: editorOverrideService.cache, workbench.panel.size Length: 327
2025-03-20 14:30:09.688 [error] [storage state.vscdb] prepare(): Error: SQLITE_READONLY_DBMOVED: attempt to write a readonly database (INSERT INTO ItemTable VALUES (?,?),(?,?)). Details: Keys: editorOverrideService.cache, workbench.panel.size Length: 313
2025-03-20 14:30:51.413 [error] [storage state.vscdb] prepare(): Error: SQLITE_READONLY_DBMOVED: attempt to write a readonly database (INSERT INTO ItemTable VALUES (?,?),(?,?)). Details: Keys: editorOverrideService.cache, workbench.panel.size Length: 327
2025-03-20 14:31:08.059 [error] [storage state.vscdb] prepare(): Error: SQLITE_READONLY_DBMOVED: attempt to write a readonly database (INSERT INTO ItemTable VALUES (?,?),(?,?)). Details: Keys: editorOverrideService.cache, workbench.panel.size Length: 313
2025-03-20 14:31:51.416 [error] [storage state.vscdb] prepare(): Error: SQLITE_READONLY_DBMOVED: attempt to write a readonly database (INSERT INTO ItemTable VALUES (?,?),(?,?)). Details: Keys: editorOverrideService.cache, workbench.panel.size Length: 327
2025-03-20 14:32:47.035 [error] [storage state.vscdb] prepare(): Error: SQLITE_READONLY_DBMOVED: attempt to write a readonly database (INSERT INTO ItemTable VALUES (?,?),(?,?)). Details: Keys: editorOverrideService.cache, workbench.panel.size Length: 313
2025-03-20 14:32:51.419 [error] [storage state.vscdb] prepare(): Error: SQLITE_READONLY_DBMOVED: attempt to write a readonly database (INSERT INTO ItemTable VALUES (?,?),(?,?)). Details: Keys: editorOverrideService.cache, workbench.panel.size Length: 327
2025-03-20 14:33:47.038 [error] [storage state.vscdb] prepare(): Error: SQLITE_READONLY_DBMOVED: attempt to write a readonly database (INSERT INTO ItemTable VALUES (?,?),(?,?)). Details: Keys: editorOverrideService.cache, workbench.panel.size Length: 313
2025-03-20 14:33:51.421 [error] [storage state.vscdb] prepare(): Error: SQLITE_READONLY_DBMOVED: attempt to write a readonly database (INSERT INTO ItemTable VALUES (?,?),(?,?)). Details: Keys: editorOverrideService.cache, workbench.panel.size Length: 327
2025-03-20 14:34:47.045 [error] [storage state.vscdb] prepare(): Error: SQLITE_READONLY_DBMOVED: attempt to write a readonly database (INSERT INTO ItemTable VALUES (?,?),(?,?)). Details: Keys: editorOverrideService.cache, workbench.panel.size Length: 313
2025-03-20 14:34:51.533 [error] [storage state.vscdb] prepare(): Error: SQLITE_READONLY_DBMOVED: attempt to write a readonly database (INSERT INTO ItemTable VALUES (?,?),(?,?)). Details: Keys: editorOverrideService.cache, workbench.panel.size Length: 327
2025-03-20 14:35:25.145 [error] [storage state.vscdb] prepare(): Error: SQLITE_READONLY_DBMOVED: attempt to write a readonly database (INSERT INTO ItemTable VALUES (?,?),(?,?)). Details: Keys: editorOverrideService.cache, workbench.panel.size Length: 313
2025-03-20 14:35:52.106 [error] [storage state.vscdb] prepare(): Error: SQLITE_READONLY_DBMOVED: attempt to write a readonly database (INSERT INTO ItemTable VALUES (?,?),(?,?)). Details: Keys: editorOverrideService.cache, workbench.panel.size Length: 327
2025-03-20 14:36:06.793 [error] [storage state.vscdb] prepare(): Error: SQLITE_READONLY_DBMOVED: attempt to write a readonly database (INSERT INTO ItemTable VALUES (?,?),(?,?)). Details: Keys: editorOverrideService.cache, workbench.panel.size Length: 313
2025-03-20 14:36:52.110 [error] [storage state.vscdb] prepare(): Error: SQLITE_READONLY_DBMOVED: attempt to write a readonly database (INSERT INTO ItemTable VALUES (?,?),(?,?)). Details: Keys: editorOverrideService.cache, workbench.panel.size Length: 327
2025-03-20 14:37:06.670 [error] [storage state.vscdb] prepare(): Error: SQLITE_READONLY_DBMOVED: attempt to write a readonly database (INSERT INTO ItemTable VALUES (?,?),(?,?)). Details: Keys: editorOverrideService.cache, workbench.panel.size Length: 313
2025-03-20 14:37:52.144 [error] [storage state.vscdb] prepare(): Error: SQLITE_READONLY_DBMOVED: attempt to write a readonly database (INSERT INTO ItemTable VALUES (?,?),(?,?)). Details: Keys: editorOverrideService.cache, workbench.panel.size Length: 327
2025-03-20 14:37:59.564 [error] [storage state.vscdb] prepare(): Error: SQLITE_READONLY_DBMOVED: attempt to write a readonly database (INSERT INTO ItemTable VALUES (?,?),(?,?)). Details: Keys: editorOverrideService.cache, workbench.panel.size Length: 313
2025-03-20 14:38:52.115 [error] [storage state.vscdb] prepare(): Error: SQLITE_READONLY_DBMOVED: attempt to write a readonly database (INSERT INTO ItemTable VALUES (?,?),(?,?)). Details: Keys: editorOverrideService.cache, workbench.panel.size Length: 327
2025-03-20 14:39:47.742 [error] [storage state.vscdb] prepare(): Error: SQLITE_READONLY_DBMOVED: attempt to write a readonly database (INSERT INTO ItemTable VALUES (?,?),(?,?)). Details: Keys: editorOverrideService.cache, workbench.panel.size Length: 313
2025-03-20 14:39:52.117 [error] [storage state.vscdb] prepare(): Error: SQLITE_READONLY_DBMOVED: attempt to write a readonly database (INSERT INTO ItemTable VALUES (?,?),(?,?)). Details: Keys: editorOverrideService.cache, workbench.panel.size Length: 327
2025-03-20 14:40:47.745 [error] [storage state.vscdb] prepare(): Error: SQLITE_READONLY_DBMOVED: attempt to write a readonly database (INSERT INTO ItemTable VALUES (?,?),(?,?)). Details: Keys: editorOverrideService.cache, workbench.panel.size Length: 313
2025-03-20 14:40:52.120 [error] [storage state.vscdb] prepare(): Error: SQLITE_READONLY_DBMOVED: attempt to write a readonly database (INSERT INTO ItemTable VALUES (?,?),(?,?)). Details: Keys: editorOverrideService.cache, workbench.panel.size Length: 327
2025-03-20 14:41:47.749 [error] [storage state.vscdb] prepare(): Error: SQLITE_READONLY_DBMOVED: attempt to write a readonly database (INSERT INTO ItemTable VALUES (?,?),(?,?)). Details: Keys: editorOverrideService.cache, workbench.panel.size Length: 313
2025-03-20 14:41:52.122 [error] [storage state.vscdb] prepare(): Error: SQLITE_READONLY_DBMOVED: attempt to write a readonly database (INSERT INTO ItemTable VALUES (?,?),(?,?)). Details: Keys: editorOverrideService.cache, workbench.panel.size Length: 327
2025-03-20 14:41:59.165 [error] [storage state.vscdb] prepare(): Error: SQLITE_READONLY_DBMOVED: attempt to write a readonly database (INSERT INTO ItemTable VALUES (?,?),(?,?)). Details: Keys: editorOverrideService.cache, workbench.panel.size Length: 313
2025-03-20 14:42:52.290 [error] [storage state.vscdb] prepare(): Error: SQLITE_READONLY_DBMOVED: attempt to write a readonly database (INSERT INTO ItemTable VALUES (?,?),(?,?)). Details: Keys: editorOverrideService.cache, workbench.panel.size Length: 327
2025-03-20 14:43:47.755 [error] [storage state.vscdb] prepare(): Error: SQLITE_READONLY_DBMOVED: attempt to write a readonly database (INSERT INTO ItemTable VALUES (?,?),(?,?)). Details: Keys: editorOverrideService.cache, workbench.panel.size Length: 313
2025-03-20 14:43:52.293 [error] [storage state.vscdb] prepare(): Error: SQLITE_READONLY_DBMOVED: attempt to write a readonly database (INSERT INTO ItemTable VALUES (?,?),(?,?)). Details: Keys: editorOverrideService.cache, workbench.panel.size Length: 327
2025-03-20 14:44:40.266 [error] [storage state.vscdb] prepare(): Error: SQLITE_READONLY_DBMOVED: attempt to write a readonly database (INSERT INTO ItemTable VALUES (?,?),(?,?)). Details: Keys: editorOverrideService.cache, workbench.panel.size Length: 313
2025-03-20 14:44:52.296 [error] [storage state.vscdb] prepare(): Error: SQLITE_READONLY_DBMOVED: attempt to write a readonly database (INSERT INTO ItemTable VALUES (?,?),(?,?)). Details: Keys: editorOverrideService.cache, workbench.panel.size Length: 327
2025-03-20 14:44:57.179 [error] [storage state.vscdb] prepare(): Error: SQLITE_READONLY_DBMOVED: attempt to write a readonly database (INSERT INTO ItemTable VALUES (?,?),(?,?)). Details: Keys: editorOverrideService.cache, workbench.panel.size Length: 313
2025-03-20 14:45:52.297 [error] [storage state.vscdb] prepare(): Error: SQLITE_READONLY_DBMOVED: attempt to write a readonly database (INSERT INTO ItemTable VALUES (?,?),(?,?)). Details: Keys: editorOverrideService.cache, workbench.panel.size Length: 327
2025-03-20 14:46:25.194 [error] [storage state.vscdb] prepare(): Error: SQLITE_READONLY_DBMOVED: attempt to write a readonly database (INSERT INTO ItemTable VALUES (?,?),(?,?)). Details: Keys: editorOverrideService.cache, workbench.panel.size Length: 313
2025-03-20 14:46:42.253 [error] [storage state.vscdb] prepare(): Error: SQLITE_READONLY_DBMOVED: attempt to write a readonly database (INSERT INTO ItemTable VALUES (?,?),(?,?)). Details: Keys: editorOverrideService.cache, workbench.panel.size Length: 327
2025-03-20 14:46:42.254 [error] [storage state.vscdb] prepare(): Error: SQLITE_READONLY_DBMOVED: attempt to write a readonly database (INSERT INTO ItemTable VALUES (?,?)). Details: Keys: memento/workbench.editors.files.textFileEditor Length: 6505
2025-03-20 14:46:44.458 [error] [storage state.vscdb] prepare(): Error: SQLITE_READONLY_DBMOVED: attempt to write a readonly database (INSERT INTO ItemTable VALUES (?,?),(?,?),(?,?)). Details: Keys: __$__targetStorageMarker, editorFontInfo, editorGroupWatermark.whenConditions Length: 2675
2025-03-20 14:46:44.460 [error] [storage state.vscdb] prepare(): Error: SQLITE_READONLY_DBMOVED: attempt to write a readonly database (INSERT INTO ItemTable VALUES (?,?),(?,?),(?,?)). Details: Keys: __$__targetStorageMarker, lifecyle.lastShutdownReason, codelens/cache2 Length: 2627
2025-03-20 14:46:44.482 [info] Extension host with pid 5649 exited with code: 0, signal: unknown.
2025-03-20 14:46:44.536 [error] Blocked vscode-file request vscode-file://vscode-app/usr/share/code/resources/app/out/vs/editor/common/services/editorSimpleWorkerMain.js#TextEditorWorker
2025-03-20 14:46:47.767 [error] [storage state.vscdb] prepare(): Error: SQLITE_READONLY_DBMOVED: attempt to write a readonly database (INSERT INTO ItemTable VALUES (?,?),(?,?)). Details: Keys: editorOverrideService.cache, workbench.panel.size Length: 313
2025-03-20 15:45:36.663 [warning] No ptyHost heartbeat after 6 seconds
2025-03-20 15:46:00.142 [error] Blocked vscode-file request vscode-file://vscode-app/usr/share/code/resources/app/out/vs/editor/common/services/editorSimpleWorkerMain.js#TextEditorWorker
2025-03-20 15:46:00.144 [info] Extension host with pid 49137 exited with code: 0, signal: unknown.
2025-03-20 15:46:00.210 [error] Error: ENOENT: no such file or directory, unlink '/var/www/html/rael/hotelbooking/~/.vscode-root/User/globalStorage/state.vscdb'
    at async Object.unlink (node:internal/fs/promises:1075:10)
    at async y9.y (file:///usr/share/code/resources/app/out/main.js:35:39885)
    at async qv.w (file:///usr/share/code/resources/app/out/main.js:35:62193)
    at async qv.close (file:///usr/share/code/resources/app/out/main.js:35:61617)
    at async Promise.all (index 1)
    at async Object.e [as settled] (file:///usr/share/code/resources/app/out/main.js:30:109720)
    at async file:///usr/share/code/resources/app/out/main.js:35:34265
