2025-03-23 17:09:12.402 [error] #5: https://mobile.events.data.microsoft.com/OneCollector/1.0?cors=true&content-type=application/x-json-stream - error POST net::ERR_NETWORK_CHANGED
2025-03-23 17:18:22.146 [error] #20: https://mobile.events.data.microsoft.com/OneCollector/1.0?cors=true&content-type=application/x-json-stream - error POST net::ERR_NETWORK_CHANGED
2025-03-23 17:18:22.146 [error] #21: https://mobile.events.data.microsoft.com/OneCollector/1.0?cors=true&content-type=application/x-json-stream - error POST net::ERR_NETWORK_CHANGED
2025-03-23 17:18:25.098 [error] #22: https://mobile.events.data.microsoft.com/OneCollector/1.0?cors=true&content-type=application/x-json-stream - error POST net::ERR_NAME_NOT_RESOLVED
2025-03-23 17:18:25.458 [error] #23: https://mobile.events.data.microsoft.com/OneCollector/1.0?cors=true&content-type=application/x-json-stream - error POST net::ERR_NAME_NOT_RESOLVED
2025-03-23 17:18:25.464 [error] #24: https://mobile.events.data.microsoft.com/OneCollector/1.0?cors=true&content-type=application/x-json-stream - error POST net::ERR_NAME_NOT_RESOLVED
2025-03-23 17:18:28.009 [error] #25: https://mobile.events.data.microsoft.com/OneCollector/1.0?cors=true&content-type=application/x-json-stream - error POST net::ERR_NAME_NOT_RESOLVED
2025-03-23 17:24:02.870 [error] #31: https://main.vscode-cdn.net/extensions/marketplace.json - error GET net::ERR_SOCKET_NOT_CONNECTED
2025-03-23 17:32:34.800 [error] #40: https://mobile.events.data.microsoft.com/OneCollector/1.0?cors=true&content-type=application/x-json-stream - error POST net::ERR_NETWORK_CHANGED
2025-03-23 17:32:37.407 [error] #41: https://mobile.events.data.microsoft.com/OneCollector/1.0?cors=true&content-type=application/x-json-stream - error POST net::ERR_NETWORK_CHANGED
2025-03-23 18:05:26.194 [error] #108: https://mobile.events.data.microsoft.com/OneCollector/1.0?cors=true&content-type=application/x-json-stream - error POST net::ERR_NETWORK_CHANGED
2025-03-23 18:05:26.196 [error] #109: https://mobile.events.data.microsoft.com/OneCollector/1.0?cors=true&content-type=application/x-json-stream - error POST net::ERR_NETWORK_CHANGED
2025-03-23 18:09:31.250 [error] #124: https://mobile.events.data.microsoft.com/OneCollector/1.0?cors=true&content-type=application/x-json-stream - error POST net::ERR_NETWORK_CHANGED
2025-03-23 18:09:32.734 [error] #125: https://main.vscode-cdn.net/extensions/marketplace.json - error GET net::ERR_NETWORK_CHANGED
2025-03-23 18:23:32.160 [error] #154: https://mobile.events.data.microsoft.com/OneCollector/1.0?cors=true&content-type=application/x-json-stream - error POST net::ERR_NETWORK_CHANGED
2025-03-23 18:23:35.758 [error] #155: https://mobile.events.data.microsoft.com/OneCollector/1.0?cors=true&content-type=application/x-json-stream - error POST net::ERR_NAME_NOT_RESOLVED
2025-03-23 18:23:47.055 [error] #156: https://mobile.events.data.microsoft.com/OneCollector/1.0?cors=true&content-type=application/x-json-stream - error POST net::ERR_NAME_NOT_RESOLVED
2025-03-23 18:23:49.490 [error] #157: https://mobile.events.data.microsoft.com/OneCollector/1.0?cors=true&content-type=application/x-json-stream - error POST net::ERR_NAME_NOT_RESOLVED
2025-03-23 18:24:55.478 [error] #158: https://mobile.events.data.microsoft.com/OneCollector/1.0?cors=true&content-type=application/x-json-stream - error POST net::ERR_TIMED_OUT
2025-03-23 18:24:55.695 [error] #159: https://mobile.events.data.microsoft.com/OneCollector/1.0?cors=true&content-type=application/x-json-stream - error POST net::ERR_TIMED_OUT
2025-03-23 19:25:32.803 [error] #232: https://main.vscode-cdn.net/extensions/marketplace.json - error GET net::ERR_CONNECTION_CLOSED
2025-03-24 08:33:39.440 [error] #350: https://main.vscode-cdn.net/extensions/marketplace.json - error GET net::ERR_NAME_NOT_RESOLVED
2025-03-24 08:38:43.544 [error] #351: https://main.vscode-cdn.net/extensions/marketplace.json - error GET net::ERR_NAME_NOT_RESOLVED
2025-03-24 08:43:43.563 [error] #352: https://main.vscode-cdn.net/extensions/marketplace.json - error GET net::ERR_NAME_NOT_RESOLVED
2025-03-24 08:48:43.580 [error] #353: https://main.vscode-cdn.net/extensions/marketplace.json - error GET net::ERR_NAME_NOT_RESOLVED
2025-03-24 08:59:05.060 [error] #355: https://main.vscode-cdn.net/extensions/marketplace.json - error GET net::ERR_CONNECTION_RESET
